-------------------------------------------------------------------------------
Test set: com.example.parser.controller.ParserControllerTest
-------------------------------------------------------------------------------
Tests run: 1, Failures: 1, Errors: 0, Skipped: 0, Time elapsed: 8.905 s <<< FAILURE! - in com.example.parser.controller.ParserControllerTest
whenGetAdmin_thenCorrect  Time elapsed: 1.22 s  <<< FAILURE!
org.opentest4j.AssertionFailedError: expected: <true> but was: <false>
	at com.example.parser.controller.ParserControllerTest.whenGetAdmin_thenCorrect(ParserControllerTest.java:26)

