<?xml version="1.0" encoding="UTF-8"?>
<testsuite xmlns:xsi="http://www.w3.org/2001/XMLSchema-instance" xsi:noNamespaceSchemaLocation="https://maven.apache.org/surefire/maven-surefire-plugin/xsd/surefire-test-report.xsd" name="com.example.parser.controller.ParserControllerTest" time="8.905" tests="1" errors="0" skipped="0" failures="1">
  <properties>
[...]
</properties>
  <testcase name="whenGetAdmin_thenCorrect" classname="com.example.parser.controller.ParserControllerTest" time="1.22">
    <failure message="expected: &lt;true&gt; but was: &lt;false&gt;" type="org.opentest4j.AssertionFailedError"><![CDATA[org.opentest4j.AssertionFailedError: expected: <true> but was: <false>
	at com.example.parser.controller.ParserControllerTest.whenGetAdmin_thenCorrect(ParserControllerTest.java:26)
]]></failure>
    <system-out><![CDATA[14:22:56.160 [main] DEBUG org.springframework.test.context.BootstrapUtils - Instantiating CacheAwareContextLoaderDelegate from class [org.springframework.test.context.cache.DefaultCacheAwareContextLoaderDelegate]
14:22:56.188 [main] DEBUG org.springframework.test.context.BootstrapUtils - Instantiating BootstrapContext using constructor [public org.springframework.test.context.support.DefaultBootstrapContext(java.lang.Class,org.springframework.test.context.CacheAwareContextLoaderDelegate)]
14:22:56.234 [main] DEBUG org.springframework.test.context.BootstrapUtils - Instantiating TestContextBootstrapper for test class [com.example.parser.controller.ParserControllerTest] from class [org.springframework.boot.test.context.SpringBootTestContextBootstrapper]
14:22:56.248 [main] INFO org.springframework.boot.test.context.SpringBootTestContextBootstrapper - Neither @ContextConfiguration nor @ContextHierarchy found for test class [com.example.parser.controller.ParserControllerTest], using SpringBootContextLoader
14:22:56.252 [main] DEBUG org.springframework.test.context.support.AbstractContextLoader - Did not detect default resource location for test class [com.example.parser.controller.ParserControllerTest]: class path resource [com/example/parser/controller/ParserControllerTest-context.xml] does not exist
14:22:56.253 [main] DEBUG org.springframework.test.context.support.AbstractContextLoader - Did not detect default resource location for test class [com.example.parser.controller.ParserControllerTest]: class path resource [com/example/parser/controller/ParserControllerTestContext.groovy] does not exist
14:22:56.253 [main] INFO org.springframework.test.context.support.AbstractContextLoader - Could not detect default resource locations for test class [com.example.parser.controller.ParserControllerTest]: no resource found for suffixes {-context.xml, Context.groovy}.
14:22:56.254 [main] INFO org.springframework.test.context.support.AnnotationConfigContextLoaderUtils - Could not detect default configuration classes for test class [com.example.parser.controller.ParserControllerTest]: ParserControllerTest does not declare any static, non-private, non-final, nested classes annotated with @Configuration.
14:22:56.311 [main] DEBUG org.springframework.test.context.support.ActiveProfilesUtils - Could not find an 'annotation declaring class' for annotation type [org.springframework.test.context.ActiveProfiles] and class [com.example.parser.controller.ParserControllerTest]
14:22:56.423 [main] DEBUG org.springframework.context.annotation.ClassPathScanningCandidateComponentProvider - Identified candidate component class: file [C:\Users\Саша\IdeaProjects1\MarketPlace\Parser\target\classes\com\example\parser\ParserApplication.class]
14:22:56.428 [main] INFO org.springframework.boot.test.context.SpringBootTestContextBootstrapper - Found @SpringBootConfiguration com.example.parser.ParserApplication for test class com.example.parser.controller.ParserControllerTest
14:22:56.572 [main] DEBUG org.springframework.boot.test.context.SpringBootTestContextBootstrapper - @TestExecutionListeners is not present for class [com.example.parser.controller.ParserControllerTest]: using defaults.
14:22:56.573 [main] INFO org.springframework.boot.test.context.SpringBootTestContextBootstrapper - Loaded default TestExecutionListener class names from location [META-INF/spring.factories]: [org.springframework.boot.test.mock.mockito.MockitoTestExecutionListener, org.springframework.boot.test.mock.mockito.ResetMocksTestExecutionListener, org.springframework.boot.test.autoconfigure.restdocs.RestDocsTestExecutionListener, org.springframework.boot.test.autoconfigure.web.client.MockRestServiceServerResetTestExecutionListener, org.springframework.boot.test.autoconfigure.web.servlet.MockMvcPrintOnlyOnFailureTestExecutionListener, org.springframework.boot.test.autoconfigure.web.servlet.WebDriverTestExecutionListener, org.springframework.boot.test.autoconfigure.webservices.client.MockWebServiceServerTestExecutionListener, org.springframework.test.context.web.ServletTestExecutionListener, org.springframework.test.context.support.DirtiesContextBeforeModesTestExecutionListener, org.springframework.test.context.event.ApplicationEventsTestExecutionListener, org.springframework.test.context.support.DependencyInjectionTestExecutionListener, org.springframework.test.context.support.DirtiesContextTestExecutionListener, org.springframework.test.context.transaction.TransactionalTestExecutionListener, org.springframework.test.context.jdbc.SqlScriptsTestExecutionListener, org.springframework.test.context.event.EventPublishingTestExecutionListener]
14:22:56.593 [main] INFO org.springframework.boot.test.context.SpringBootTestContextBootstrapper - Using TestExecutionListeners: [org.springframework.test.context.web.ServletTestExecutionListener@3d3e5463, org.springframework.test.context.support.DirtiesContextBeforeModesTestExecutionListener@64a40280, org.springframework.test.context.event.ApplicationEventsTestExecutionListener@4b40f651, org.springframework.boot.test.mock.mockito.MockitoTestExecutionListener@42b02722, org.springframework.boot.test.autoconfigure.SpringBootDependencyInjectionTestExecutionListener@d62fe5b, org.springframework.test.context.support.DirtiesContextTestExecutionListener@49964d75, org.springframework.test.context.transaction.TransactionalTestExecutionListener@528c868, org.springframework.test.context.jdbc.SqlScriptsTestExecutionListener@466276d8, org.springframework.test.context.event.EventPublishingTestExecutionListener@5ce8d869, org.springframework.boot.test.mock.mockito.ResetMocksTestExecutionListener@27eedb64, org.springframework.boot.test.autoconfigure.restdocs.RestDocsTestExecutionListener@64c63c79, org.springframework.boot.test.autoconfigure.web.client.MockRestServiceServerResetTestExecutionListener@31c7528f, org.springframework.boot.test.autoconfigure.web.servlet.MockMvcPrintOnlyOnFailureTestExecutionListener@2b76ff4e, org.springframework.boot.test.autoconfigure.web.servlet.WebDriverTestExecutionListener@7a1234bf, org.springframework.boot.test.autoconfigure.webservices.client.MockWebServiceServerTestExecutionListener@2f62ea70]
14:22:56.600 [main] DEBUG org.springframework.test.context.support.AbstractDirtiesContextTestExecutionListener - Before test class: context [DefaultTestContext@2f16c6b3 testClass = ParserControllerTest, testInstance = [null], testMethod = [null], testException = [null], mergedContextConfiguration = [WebMergedContextConfiguration@34158c08 testClass = ParserControllerTest, locations = '{}', classes = '{class com.example.parser.ParserApplication}', contextInitializerClasses = '[]', activeProfiles = '{}', propertySourceLocations = '{}', propertySourceProperties = '{org.springframework.boot.test.context.SpringBootTestContextBootstrapper=true, server.port=0}', contextCustomizers = set[org.springframework.boot.test.context.filter.ExcludeFilterContextCustomizer@5b03b9fe, org.springframework.boot.test.json.DuplicateJsonObjectContextCustomizerFactory$DuplicateJsonObjectContextCustomizer@3ee37e5a, org.springframework.boot.test.mock.mockito.MockitoContextCustomizer@0, org.springframework.boot.test.web.client.TestRestTemplateContextCustomizer@12aba8be, org.springframework.boot.test.autoconfigure.actuate.metrics.MetricsExportContextCustomizerFactory$DisableMetricExportContextCustomizer@201a4587, org.springframework.boot.test.autoconfigure.properties.PropertyMappingContextCustomizer@0, org.springframework.boot.test.autoconfigure.web.servlet.WebDriverContextCustomizerFactory$Customizer@2d52216b, org.springframework.boot.test.context.SpringBootTestArgs@1, org.springframework.boot.test.context.SpringBootTestWebEnvironment@2f0a87b3], resourceBasePath = 'src/main/webapp', contextLoader = 'org.springframework.boot.test.context.SpringBootContextLoader', parent = [null]], attributes = map['org.springframework.test.context.web.ServletTestExecutionListener.activateListener' -> false]], class annotated with @DirtiesContext [false] with mode [null].
14:22:56.620 [main] DEBUG org.springframework.test.context.support.DependencyInjectionTestExecutionListener - Performing dependency injection for test context [[DefaultTestContext@2f16c6b3 testClass = ParserControllerTest, testInstance = com.example.parser.controller.ParserControllerTest@5e4bd84a, testMethod = [null], testException = [null], mergedContextConfiguration = [WebMergedContextConfiguration@34158c08 testClass = ParserControllerTest, locations = '{}', classes = '{class com.example.parser.ParserApplication}', contextInitializerClasses = '[]', activeProfiles = '{}', propertySourceLocations = '{}', propertySourceProperties = '{org.springframework.boot.test.context.SpringBootTestContextBootstrapper=true, server.port=0}', contextCustomizers = set[org.springframework.boot.test.context.filter.ExcludeFilterContextCustomizer@5b03b9fe, org.springframework.boot.test.json.DuplicateJsonObjectContextCustomizerFactory$DuplicateJsonObjectContextCustomizer@3ee37e5a, org.springframework.boot.test.mock.mockito.MockitoContextCustomizer@0, org.springframework.boot.test.web.client.TestRestTemplateContextCustomizer@12aba8be, org.springframework.boot.test.autoconfigure.actuate.metrics.MetricsExportContextCustomizerFactory$DisableMetricExportContextCustomizer@201a4587, org.springframework.boot.test.autoconfigure.properties.PropertyMappingContextCustomizer@0, org.springframework.boot.test.autoconfigure.web.servlet.WebDriverContextCustomizerFactory$Customizer@2d52216b, org.springframework.boot.test.context.SpringBootTestArgs@1, org.springframework.boot.test.context.SpringBootTestWebEnvironment@2f0a87b3], resourceBasePath = 'src/main/webapp', contextLoader = 'org.springframework.boot.test.context.SpringBootContextLoader', parent = [null]], attributes = map['org.springframework.test.context.web.ServletTestExecutionListener.activateListener' -> false, 'org.springframework.test.context.event.ApplicationEventsTestExecutionListener.recordApplicationEvents' -> false]]].

  .   ____          _            __ _ _
 /\\ / ___'_ __ _ _(_)_ __  __ _ \ \ \ \
( ( )\___ | '_ | '_| | '_ \/ _` | \ \ \ \
 \\/  ___)| |_)| | | | | || (_| |  ) ) ) )
  '  |____| .__|_| |_|_| |_\__, | / / / /
 =========|_|==============|___/=/_/_/_/
 :: Spring Boot ::                (v2.7.3)

21-09-2022 14:22:57.187 &amp#27;[35m[main]&amp#27;[0;39m &amp#27;[34mINFO &amp#27;[0;39m c.e.p.c.ParserControllerTest.logStarting:  Starting ParserControllerTest using Java 18.0.2 on IrinaPC with PID 4384 (started by Саша in C:\Users\Саша\IdeaProjects1\MarketPlace\Parser)
21-09-2022 14:22:57.189 &amp#27;[35m[main]&amp#27;[0;39m &amp#27;[34mINFO &amp#27;[0;39m c.e.p.c.ParserControllerTest.logStartupProfileInfo:  No active profile set, falling back to 1 default profile: "default"
21-09-2022 14:23:00.294 &amp#27;[35m[main]&amp#27;[0;39m &amp#27;[34mINFO &amp#27;[0;39m c.e.p.k.KafkaProducerConfig.kafkaTemplate:  Configure producerParser Kafka
21-09-2022 14:23:00.421 &amp#27;[35m[main]&amp#27;[0;39m &amp#27;[34mINFO &amp#27;[0;39m c.e.p.k.ConsumerFileConfig.kafkaListenerFileContainerFactory:  Configure consumerParser File
21-09-2022 14:23:00.719 &amp#27;[35m[main]&amp#27;[0;39m &amp#27;[34mINFO &amp#27;[0;39m c.e.p.k.KafkaConsumerConfig.kafkaListenerContainerFactory:  Configure consumerParser Kafka
21-09-2022 14:23:00.738 &amp#27;[35m[main]&amp#27;[0;39m &amp#27;[34mINFO &amp#27;[0;39m c.e.p.k.KafkaTopicConfig.topicParser:  Create topic parser
21-09-2022 14:23:00.744 &amp#27;[35m[main]&amp#27;[0;39m &amp#27;[34mINFO &amp#27;[0;39m c.e.p.k.KafkaTopicConfig.topicFrontToParser:  Create topic topicFrontToParser
21-09-2022 14:23:03.729 &amp#27;[35m[main]&amp#27;[0;39m &amp#27;[34mINFO &amp#27;[0;39m c.e.p.c.ParserControllerTest.logStarted:  Started ParserControllerTest in 7.066 seconds (JVM running for 8.645)
]]></system-out>
  </testcase>
</testsuite>